2025-11-26 10:14:39,936 - __main__ - INFO - Запуск бота в режиме polling...
2025-11-26 10:14:39,982 - db.database - INFO - База данных инициализирована (SQLite)
2025-11-26 10:14:39,983 - apscheduler.scheduler - INFO - Scheduler started
2025-11-26 10:14:39,984 - services.scheduler - INFO - APScheduler запущен: напоминания активны
2025-11-26 10:14:42,925 - asyncio - ERROR - Unclosed client session
client_session: <aiohttp.client.ClientSession object at 0x71defb9924b0>
2025-11-26 10:14:42,925 - asyncio - ERROR - Unclosed connector
connections: ['[(<aiohttp.client_proto.ResponseHandler object at 0x71defb2d56d0>, 37182.505740385)]']
connector: <aiohttp.connector.TCPConnector object at 0x71defb674920>
2025-11-26 10:17:50,798 - __main__ - INFO - Запуск бота в режиме polling...
2025-11-26 10:17:50,803 - db.database - INFO - База данных инициализирована (SQLite)
2025-11-26 10:17:50,805 - apscheduler.scheduler - INFO - Scheduler started
2025-11-26 10:17:50,805 - services.scheduler - INFO - APScheduler запущен: напоминания активны
2025-11-26 10:17:51,579 - asyncio - ERROR - Unclosed client session
client_session: <aiohttp.client.ClientSession object at 0x70818044ee70>
2025-11-26 10:17:51,579 - asyncio - ERROR - Unclosed connector
connections: ['[(<aiohttp.client_proto.ResponseHandler object at 0x70818047f2f0>, 37371.109336372)]']
connector: <aiohttp.connector.TCPConnector object at 0x70818050e9c0>
2025-11-26 10:19:31,219 - __main__ - INFO - Запуск бота в режиме polling...
2025-11-26 10:19:31,224 - db.database - INFO - База данных инициализирована (SQLite)
2025-11-26 10:19:31,225 - apscheduler.scheduler - INFO - Scheduler started
2025-11-26 10:19:31,226 - services.scheduler - INFO - APScheduler запущен: напоминания активны
2025-11-26 10:19:31,575 - __main__ - INFO - Бот запущен и готов к работе
2025-11-26 10:19:31,576 - aiogram.dispatcher - INFO - Start polling
2025-11-26 10:19:31,669 - aiogram.dispatcher - INFO - Run polling for bot @PilatesReformerIzh_bot id=8213931908 - 'PilatesReformerIzh'
2025-11-26 10:19:31,789 - aiogram.event - INFO - Update id=23846912 is not handled. Duration 11 ms by bot id=8213931908
2025-11-26 10:19:31,800 - aiogram.event - INFO - Update id=23846911 is not handled. Duration 25 ms by bot id=8213931908
2025-11-26 10:19:31,801 - aiogram.event - ERROR - Cause exception while process update id=23846911 by bot id=8213931908
IntegrityError: (sqlite3.IntegrityError) UNIQUE constraint failed: users.telegram_id
[SQL: INSERT INTO users (telegram_id, full_name, phone, created_at, last_activity) VALUES (?, ?, ?, ?, ?)]
[parameters: (510686579, 'Ярослав Валеев', None, '2025-11-26 10:19:31.791357', '2025-11-26 10:19:31.791360')]
(Background on this error at: https://sqlalche.me/e/20/gkpj)
Traceback (most recent call last):
  File "/usr/local/python/3.12.1/lib/python3.12/site-packages/sqlalchemy/engine/base.py", line 1967, in _exec_single_context
    self.dialect.do_execute(
  File "/usr/local/python/3.12.1/lib/python3.12/site-packages/sqlalchemy/engine/default.py", line 941, in do_execute
    cursor.execute(statement, parameters)
  File "/usr/local/python/3.12.1/lib/python3.12/site-packages/sqlalchemy/dialects/sqlite/aiosqlite.py", line 147, in execute
    self._adapt_connection._handle_exception(error)
  File "/usr/local/python/3.12.1/lib/python3.12/site-packages/sqlalchemy/dialects/sqlite/aiosqlite.py", line 298, in _handle_exception
    raise error
  File "/usr/local/python/3.12.1/lib/python3.12/site-packages/sqlalchemy/dialects/sqlite/aiosqlite.py", line 129, in execute
    self.await_(_cursor.execute(operation, parameters))
  File "/usr/local/python/3.12.1/lib/python3.12/site-packages/sqlalchemy/util/_concurrency_py3k.py", line 132, in await_only
    return current.parent.switch(awaitable)  # type: ignore[no-any-return,attr-defined] # noqa: E501
           ^^^^^^^^^^^^^^^^^^^^^^^^^^^^^^^^
  File "/usr/local/python/3.12.1/lib/python3.12/site-packages/sqlalchemy/util/_concurrency_py3k.py", line 196, in greenlet_spawn
    value = await result
            ^^^^^^^^^^^^
  File "/usr/local/python/3.12.1/lib/python3.12/site-packages/aiosqlite/cursor.py", line 48, in execute
    await self._execute(self._cursor.execute, sql, parameters)
  File "/usr/local/python/3.12.1/lib/python3.12/site-packages/aiosqlite/cursor.py", line 40, in _execute
    return await self._conn._execute(fn, *args, **kwargs)
           ^^^^^^^^^^^^^^^^^^^^^^^^^^^^^^^^^^^^^^^^^^^^^^
  File "/usr/local/python/3.12.1/lib/python3.12/site-packages/aiosqlite/core.py", line 132, in _execute
    return await future
           ^^^^^^^^^^^^
  File "/usr/local/python/3.12.1/lib/python3.12/site-packages/aiosqlite/core.py", line 115, in run
    result = function()
             ^^^^^^^^^^
sqlite3.IntegrityError: UNIQUE constraint failed: users.telegram_id

The above exception was the direct cause of the following exception:

Traceback (most recent call last):
  File "/usr/local/python/3.12.1/lib/python3.12/site-packages/aiogram/dispatcher/dispatcher.py", line 309, in _process_update
    response = await self.feed_update(bot, update, **kwargs)
               ^^^^^^^^^^^^^^^^^^^^^^^^^^^^^^^^^^^^^^^^^^^^^
  File "/usr/local/python/3.12.1/lib/python3.12/site-packages/aiogram/dispatcher/dispatcher.py", line 158, in feed_update
    response = await self.update.wrap_outer_middleware(
               ^^^^^^^^^^^^^^^^^^^^^^^^^^^^^^^^^^^^^^^^
  File "/usr/local/python/3.12.1/lib/python3.12/site-packages/aiogram/dispatcher/middlewares/error.py", line 25, in __call__
    return await handler(event, data)
           ^^^^^^^^^^^^^^^^^^^^^^^^^^
  File "/usr/local/python/3.12.1/lib/python3.12/site-packages/aiogram/dispatcher/middlewares/user_context.py", line 56, in __call__
    return await handler(event, data)
           ^^^^^^^^^^^^^^^^^^^^^^^^^^
  File "/usr/local/python/3.12.1/lib/python3.12/site-packages/aiogram/fsm/middleware.py", line 42, in __call__
    return await handler(event, data)
           ^^^^^^^^^^^^^^^^^^^^^^^^^^
  File "/usr/local/python/3.12.1/lib/python3.12/site-packages/aiogram/dispatcher/event/telegram.py", line 121, in trigger
    return await wrapped_inner(event, kwargs)
           ^^^^^^^^^^^^^^^^^^^^^^^^^^^^^^^^^^
  File "/usr/local/python/3.12.1/lib/python3.12/site-packages/aiogram/dispatcher/event/handler.py", line 43, in call
    return await wrapped()
           ^^^^^^^^^^^^^^^
  File "/usr/local/python/3.12.1/lib/python3.12/site-packages/aiogram/dispatcher/dispatcher.py", line 276, in _listen_update
    return await self.propagate_event(update_type=update_type, event=event, **kwargs)
           ^^^^^^^^^^^^^^^^^^^^^^^^^^^^^^^^^^^^^^^^^^^^^^^^^^^^^^^^^^^^^^^^^^^^^^^^^^
  File "/usr/local/python/3.12.1/lib/python3.12/site-packages/aiogram/dispatcher/router.py", line 146, in propagate_event
    return await observer.wrap_outer_middleware(_wrapped, event=event, data=kwargs)
           ^^^^^^^^^^^^^^^^^^^^^^^^^^^^^^^^^^^^^^^^^^^^^^^^^^^^^^^^^^^^^^^^^^^^^^^^
  File "/usr/local/python/3.12.1/lib/python3.12/site-packages/aiogram/dispatcher/router.py", line 141, in _wrapped
    return await self._propagate_event(
           ^^^^^^^^^^^^^^^^^^^^^^^^^^^^
  File "/usr/local/python/3.12.1/lib/python3.12/site-packages/aiogram/dispatcher/router.py", line 174, in _propagate_event
    response = await router.propagate_event(update_type=update_type, event=event, **kwargs)
               ^^^^^^^^^^^^^^^^^^^^^^^^^^^^^^^^^^^^^^^^^^^^^^^^^^^^^^^^^^^^^^^^^^^^^^^^^^^^
  File "/usr/local/python/3.12.1/lib/python3.12/site-packages/aiogram/dispatcher/router.py", line 146, in propagate_event
    return await observer.wrap_outer_middleware(_wrapped, event=event, data=kwargs)
           ^^^^^^^^^^^^^^^^^^^^^^^^^^^^^^^^^^^^^^^^^^^^^^^^^^^^^^^^^^^^^^^^^^^^^^^^
  File "/usr/local/python/3.12.1/lib/python3.12/site-packages/aiogram/dispatcher/router.py", line 141, in _wrapped
    return await self._propagate_event(
           ^^^^^^^^^^^^^^^^^^^^^^^^^^^^
  File "/usr/local/python/3.12.1/lib/python3.12/site-packages/aiogram/dispatcher/router.py", line 166, in _propagate_event
    response = await observer.trigger(event, **kwargs)
               ^^^^^^^^^^^^^^^^^^^^^^^^^^^^^^^^^^^^^^^
  File "/usr/local/python/3.12.1/lib/python3.12/site-packages/aiogram/dispatcher/event/telegram.py", line 121, in trigger
    return await wrapped_inner(event, kwargs)
           ^^^^^^^^^^^^^^^^^^^^^^^^^^^^^^^^^^
  File "/usr/local/python/3.12.1/lib/python3.12/site-packages/aiogram/dispatcher/event/handler.py", line 43, in call
    return await wrapped()
           ^^^^^^^^^^^^^^^
  File "/workspaces/TanyaTGK_Admin/routers/start.py", line 29, in cmd_start
    await register_user_if_not_exists(
  File "/workspaces/TanyaTGK_Admin/routers/start.py", line 23, in register_user_if_not_exists
    await session.commit()
  File "/usr/local/python/3.12.1/lib/python3.12/site-packages/sqlalchemy/ext/asyncio/session.py", line 1009, in commit
    await greenlet_spawn(self.sync_session.commit)
  File "/usr/local/python/3.12.1/lib/python3.12/site-packages/sqlalchemy/util/_concurrency_py3k.py", line 203, in greenlet_spawn
    result = context.switch(value)
             ^^^^^^^^^^^^^^^^^^^^^
  File "/usr/local/python/3.12.1/lib/python3.12/site-packages/sqlalchemy/orm/session.py", line 2028, in commit
    trans.commit(_to_root=True)
  File "<string>", line 2, in commit
  File "/usr/local/python/3.12.1/lib/python3.12/site-packages/sqlalchemy/orm/state_changes.py", line 139, in _go
    ret_value = fn(self, *arg, **kw)
                ^^^^^^^^^^^^^^^^^^^^
  File "/usr/local/python/3.12.1/lib/python3.12/site-packages/sqlalchemy/orm/session.py", line 1313, in commit
    self._prepare_impl()
  File "<string>", line 2, in _prepare_impl
  File "/usr/local/python/3.12.1/lib/python3.12/site-packages/sqlalchemy/orm/state_changes.py", line 139, in _go
    ret_value = fn(self, *arg, **kw)
                ^^^^^^^^^^^^^^^^^^^^
  File "/usr/local/python/3.12.1/lib/python3.12/site-packages/sqlalchemy/orm/session.py", line 1288, in _prepare_impl
    self.session.flush()
  File "/usr/local/python/3.12.1/lib/python3.12/site-packages/sqlalchemy/orm/session.py", line 4352, in flush
    self._flush(objects)
  File "/usr/local/python/3.12.1/lib/python3.12/site-packages/sqlalchemy/orm/session.py", line 4487, in _flush
    with util.safe_reraise():
  File "/usr/local/python/3.12.1/lib/python3.12/site-packages/sqlalchemy/util/langhelpers.py", line 146, in __exit__
    raise exc_value.with_traceback(exc_tb)
  File "/usr/local/python/3.12.1/lib/python3.12/site-packages/sqlalchemy/orm/session.py", line 4448, in _flush
    flush_context.execute()
  File "/usr/local/python/3.12.1/lib/python3.12/site-packages/sqlalchemy/orm/unitofwork.py", line 466, in execute
    rec.execute(self)
  File "/usr/local/python/3.12.1/lib/python3.12/site-packages/sqlalchemy/orm/unitofwork.py", line 642, in execute
    util.preloaded.orm_persistence.save_obj(
  File "/usr/local/python/3.12.1/lib/python3.12/site-packages/sqlalchemy/orm/persistence.py", line 93, in save_obj
    _emit_insert_statements(
  File "/usr/local/python/3.12.1/lib/python3.12/site-packages/sqlalchemy/orm/persistence.py", line 1233, in _emit_insert_statements
    result = connection.execute(
             ^^^^^^^^^^^^^^^^^^^
  File "/usr/local/python/3.12.1/lib/python3.12/site-packages/sqlalchemy/engine/base.py", line 1418, in execute
    return meth(
           ^^^^^
  File "/usr/local/python/3.12.1/lib/python3.12/site-packages/sqlalchemy/sql/elements.py", line 515, in _execute_on_connection
    return connection._execute_clauseelement(
           ^^^^^^^^^^^^^^^^^^^^^^^^^^^^^^^^^^
  File "/usr/local/python/3.12.1/lib/python3.12/site-packages/sqlalchemy/engine/base.py", line 1640, in _execute_clauseelement
    ret = self._execute_context(
          ^^^^^^^^^^^^^^^^^^^^^^
  File "/usr/local/python/3.12.1/lib/python3.12/site-packages/sqlalchemy/engine/base.py", line 1846, in _execute_context
    return self._exec_single_context(
           ^^^^^^^^^^^^^^^^^^^^^^^^^^
  File "/usr/local/python/3.12.1/lib/python3.12/site-packages/sqlalchemy/engine/base.py", line 1986, in _exec_single_context
    self._handle_dbapi_exception(
  File "/usr/local/python/3.12.1/lib/python3.12/site-packages/sqlalchemy/engine/base.py", line 2355, in _handle_dbapi_exception
    raise sqlalchemy_exception.with_traceback(exc_info[2]) from e
  File "/usr/local/python/3.12.1/lib/python3.12/site-packages/sqlalchemy/engine/base.py", line 1967, in _exec_single_context
    self.dialect.do_execute(
  File "/usr/local/python/3.12.1/lib/python3.12/site-packages/sqlalchemy/engine/default.py", line 941, in do_execute
    cursor.execute(statement, parameters)
  File "/usr/local/python/3.12.1/lib/python3.12/site-packages/sqlalchemy/dialects/sqlite/aiosqlite.py", line 147, in execute
    self._adapt_connection._handle_exception(error)
  File "/usr/local/python/3.12.1/lib/python3.12/site-packages/sqlalchemy/dialects/sqlite/aiosqlite.py", line 298, in _handle_exception
    raise error
  File "/usr/local/python/3.12.1/lib/python3.12/site-packages/sqlalchemy/dialects/sqlite/aiosqlite.py", line 129, in execute
    self.await_(_cursor.execute(operation, parameters))
  File "/usr/local/python/3.12.1/lib/python3.12/site-packages/sqlalchemy/util/_concurrency_py3k.py", line 132, in await_only
    return current.parent.switch(awaitable)  # type: ignore[no-any-return,attr-defined] # noqa: E501
           ^^^^^^^^^^^^^^^^^^^^^^^^^^^^^^^^
  File "/usr/local/python/3.12.1/lib/python3.12/site-packages/sqlalchemy/util/_concurrency_py3k.py", line 196, in greenlet_spawn
    value = await result
            ^^^^^^^^^^^^
  File "/usr/local/python/3.12.1/lib/python3.12/site-packages/aiosqlite/cursor.py", line 48, in execute
    await self._execute(self._cursor.execute, sql, parameters)
  File "/usr/local/python/3.12.1/lib/python3.12/site-packages/aiosqlite/cursor.py", line 40, in _execute
    return await self._conn._execute(fn, *args, **kwargs)
           ^^^^^^^^^^^^^^^^^^^^^^^^^^^^^^^^^^^^^^^^^^^^^^
  File "/usr/local/python/3.12.1/lib/python3.12/site-packages/aiosqlite/core.py", line 132, in _execute
    return await future
           ^^^^^^^^^^^^
  File "/usr/local/python/3.12.1/lib/python3.12/site-packages/aiosqlite/core.py", line 115, in run
    result = function()
             ^^^^^^^^^^
sqlalchemy.exc.IntegrityError: (sqlite3.IntegrityError) UNIQUE constraint failed: users.telegram_id
[SQL: INSERT INTO users (telegram_id, full_name, phone, created_at, last_activity) VALUES (?, ?, ?, ?, ?)]
[parameters: (510686579, 'Ярослав Валеев', None, '2025-11-26 10:19:31.791357', '2025-11-26 10:19:31.791360')]
(Background on this error at: https://sqlalche.me/e/20/gkpj)
2025-11-26 10:19:32,107 - aiogram.event - INFO - Update id=23846913 is handled. Duration 330 ms by bot id=8213931908
2025-11-26 10:19:50,772 - services.google_sheets - ERROR - Ошибка чтения тренеров из Google Sheets: <Response [404]>
2025-11-26 10:19:51,066 - aiogram.event - INFO - Update id=23846914 is handled. Duration 555 ms by bot id=8213931908
2025-11-26 10:19:54,112 - aiogram.event - INFO - Update id=23846915 is handled. Duration 121 ms by bot id=8213931908
2025-11-26 10:19:56,190 - aiogram.event - INFO - Update id=23846916 is handled. Duration 153 ms by bot id=8213931908
2025-11-26 10:19:58,086 - services.google_sheets - ERROR - Ошибка чтения FAQ: <Response [404]>
2025-11-26 10:19:58,279 - aiogram.event - INFO - Update id=23846917 is handled. Duration 455 ms by bot id=8213931908
2025-11-26 10:25:48,382 - aiogram.event - INFO - Update id=23846918 is not handled. Duration 1 ms by bot id=8213931908
2025-11-26 10:26:03,025 - aiogram.event - INFO - Update id=23846919 is not handled. Duration 3 ms by bot id=8213931908
2025-11-26 10:26:03,025 - aiogram.event - ERROR - Cause exception while process update id=23846919 by bot id=8213931908
IntegrityError: (sqlite3.IntegrityError) UNIQUE constraint failed: users.telegram_id
[SQL: INSERT INTO users (telegram_id, full_name, phone, created_at, last_activity) VALUES (?, ?, ?, ?, ?)]
[parameters: (510686579, 'Ярослав Валеев', None, '2025-11-26 10:26:03.024119', '2025-11-26 10:26:03.024123')]
(Background on this error at: https://sqlalche.me/e/20/gkpj)
Traceback (most recent call last):
  File "/usr/local/python/3.12.1/lib/python3.12/site-packages/sqlalchemy/engine/base.py", line 1967, in _exec_single_context
    self.dialect.do_execute(
  File "/usr/local/python/3.12.1/lib/python3.12/site-packages/sqlalchemy/engine/default.py", line 941, in do_execute
    cursor.execute(statement, parameters)
  File "/usr/local/python/3.12.1/lib/python3.12/site-packages/sqlalchemy/dialects/sqlite/aiosqlite.py", line 147, in execute
    self._adapt_connection._handle_exception(error)
  File "/usr/local/python/3.12.1/lib/python3.12/site-packages/sqlalchemy/dialects/sqlite/aiosqlite.py", line 298, in _handle_exception
    raise error
  File "/usr/local/python/3.12.1/lib/python3.12/site-packages/sqlalchemy/dialects/sqlite/aiosqlite.py", line 129, in execute
    self.await_(_cursor.execute(operation, parameters))
  File "/usr/local/python/3.12.1/lib/python3.12/site-packages/sqlalchemy/util/_concurrency_py3k.py", line 132, in await_only
    return current.parent.switch(awaitable)  # type: ignore[no-any-return,attr-defined] # noqa: E501
           ^^^^^^^^^^^^^^^^^^^^^^^^^^^^^^^^
  File "/usr/local/python/3.12.1/lib/python3.12/site-packages/sqlalchemy/util/_concurrency_py3k.py", line 196, in greenlet_spawn
    value = await result
            ^^^^^^^^^^^^
  File "/usr/local/python/3.12.1/lib/python3.12/site-packages/aiosqlite/cursor.py", line 48, in execute
    await self._execute(self._cursor.execute, sql, parameters)
  File "/usr/local/python/3.12.1/lib/python3.12/site-packages/aiosqlite/cursor.py", line 40, in _execute
    return await self._conn._execute(fn, *args, **kwargs)
           ^^^^^^^^^^^^^^^^^^^^^^^^^^^^^^^^^^^^^^^^^^^^^^
  File "/usr/local/python/3.12.1/lib/python3.12/site-packages/aiosqlite/core.py", line 132, in _execute
    return await future
           ^^^^^^^^^^^^
  File "/usr/local/python/3.12.1/lib/python3.12/site-packages/aiosqlite/core.py", line 115, in run
    result = function()
             ^^^^^^^^^^
sqlite3.IntegrityError: UNIQUE constraint failed: users.telegram_id

The above exception was the direct cause of the following exception:

Traceback (most recent call last):
  File "/usr/local/python/3.12.1/lib/python3.12/site-packages/aiogram/dispatcher/dispatcher.py", line 309, in _process_update
    response = await self.feed_update(bot, update, **kwargs)
               ^^^^^^^^^^^^^^^^^^^^^^^^^^^^^^^^^^^^^^^^^^^^^
  File "/usr/local/python/3.12.1/lib/python3.12/site-packages/aiogram/dispatcher/dispatcher.py", line 158, in feed_update
    response = await self.update.wrap_outer_middleware(
               ^^^^^^^^^^^^^^^^^^^^^^^^^^^^^^^^^^^^^^^^
  File "/usr/local/python/3.12.1/lib/python3.12/site-packages/aiogram/dispatcher/middlewares/error.py", line 25, in __call__
    return await handler(event, data)
           ^^^^^^^^^^^^^^^^^^^^^^^^^^
  File "/usr/local/python/3.12.1/lib/python3.12/site-packages/aiogram/dispatcher/middlewares/user_context.py", line 56, in __call__
    return await handler(event, data)
           ^^^^^^^^^^^^^^^^^^^^^^^^^^
  File "/usr/local/python/3.12.1/lib/python3.12/site-packages/aiogram/fsm/middleware.py", line 42, in __call__
    return await handler(event, data)
           ^^^^^^^^^^^^^^^^^^^^^^^^^^
  File "/usr/local/python/3.12.1/lib/python3.12/site-packages/aiogram/dispatcher/event/telegram.py", line 121, in trigger
    return await wrapped_inner(event, kwargs)
           ^^^^^^^^^^^^^^^^^^^^^^^^^^^^^^^^^^
  File "/usr/local/python/3.12.1/lib/python3.12/site-packages/aiogram/dispatcher/event/handler.py", line 43, in call
    return await wrapped()
           ^^^^^^^^^^^^^^^
  File "/usr/local/python/3.12.1/lib/python3.12/site-packages/aiogram/dispatcher/dispatcher.py", line 276, in _listen_update
    return await self.propagate_event(update_type=update_type, event=event, **kwargs)
           ^^^^^^^^^^^^^^^^^^^^^^^^^^^^^^^^^^^^^^^^^^^^^^^^^^^^^^^^^^^^^^^^^^^^^^^^^^
  File "/usr/local/python/3.12.1/lib/python3.12/site-packages/aiogram/dispatcher/router.py", line 146, in propagate_event
    return await observer.wrap_outer_middleware(_wrapped, event=event, data=kwargs)
           ^^^^^^^^^^^^^^^^^^^^^^^^^^^^^^^^^^^^^^^^^^^^^^^^^^^^^^^^^^^^^^^^^^^^^^^^
  File "/usr/local/python/3.12.1/lib/python3.12/site-packages/aiogram/dispatcher/router.py", line 141, in _wrapped
    return await self._propagate_event(
           ^^^^^^^^^^^^^^^^^^^^^^^^^^^^
  File "/usr/local/python/3.12.1/lib/python3.12/site-packages/aiogram/dispatcher/router.py", line 174, in _propagate_event
    response = await router.propagate_event(update_type=update_type, event=event, **kwargs)
               ^^^^^^^^^^^^^^^^^^^^^^^^^^^^^^^^^^^^^^^^^^^^^^^^^^^^^^^^^^^^^^^^^^^^^^^^^^^^
  File "/usr/local/python/3.12.1/lib/python3.12/site-packages/aiogram/dispatcher/router.py", line 146, in propagate_event
    return await observer.wrap_outer_middleware(_wrapped, event=event, data=kwargs)
           ^^^^^^^^^^^^^^^^^^^^^^^^^^^^^^^^^^^^^^^^^^^^^^^^^^^^^^^^^^^^^^^^^^^^^^^^
  File "/usr/local/python/3.12.1/lib/python3.12/site-packages/aiogram/dispatcher/router.py", line 141, in _wrapped
    return await self._propagate_event(
           ^^^^^^^^^^^^^^^^^^^^^^^^^^^^
  File "/usr/local/python/3.12.1/lib/python3.12/site-packages/aiogram/dispatcher/router.py", line 166, in _propagate_event
    response = await observer.trigger(event, **kwargs)
               ^^^^^^^^^^^^^^^^^^^^^^^^^^^^^^^^^^^^^^^
  File "/usr/local/python/3.12.1/lib/python3.12/site-packages/aiogram/dispatcher/event/telegram.py", line 121, in trigger
    return await wrapped_inner(event, kwargs)
           ^^^^^^^^^^^^^^^^^^^^^^^^^^^^^^^^^^
  File "/usr/local/python/3.12.1/lib/python3.12/site-packages/aiogram/dispatcher/event/handler.py", line 43, in call
    return await wrapped()
           ^^^^^^^^^^^^^^^
  File "/workspaces/TanyaTGK_Admin/routers/start.py", line 29, in cmd_start
    await register_user_if_not_exists(
  File "/workspaces/TanyaTGK_Admin/routers/start.py", line 23, in register_user_if_not_exists
    await session.commit()
  File "/usr/local/python/3.12.1/lib/python3.12/site-packages/sqlalchemy/ext/asyncio/session.py", line 1009, in commit
    await greenlet_spawn(self.sync_session.commit)
  File "/usr/local/python/3.12.1/lib/python3.12/site-packages/sqlalchemy/util/_concurrency_py3k.py", line 203, in greenlet_spawn
    result = context.switch(value)
             ^^^^^^^^^^^^^^^^^^^^^
  File "/usr/local/python/3.12.1/lib/python3.12/site-packages/sqlalchemy/orm/session.py", line 2028, in commit
    trans.commit(_to_root=True)
  File "<string>", line 2, in commit
  File "/usr/local/python/3.12.1/lib/python3.12/site-packages/sqlalchemy/orm/state_changes.py", line 139, in _go
    ret_value = fn(self, *arg, **kw)
                ^^^^^^^^^^^^^^^^^^^^
  File "/usr/local/python/3.12.1/lib/python3.12/site-packages/sqlalchemy/orm/session.py", line 1313, in commit
    self._prepare_impl()
  File "<string>", line 2, in _prepare_impl
  File "/usr/local/python/3.12.1/lib/python3.12/site-packages/sqlalchemy/orm/state_changes.py", line 139, in _go
    ret_value = fn(self, *arg, **kw)
                ^^^^^^^^^^^^^^^^^^^^
  File "/usr/local/python/3.12.1/lib/python3.12/site-packages/sqlalchemy/orm/session.py", line 1288, in _prepare_impl
    self.session.flush()
  File "/usr/local/python/3.12.1/lib/python3.12/site-packages/sqlalchemy/orm/session.py", line 4352, in flush
    self._flush(objects)
  File "/usr/local/python/3.12.1/lib/python3.12/site-packages/sqlalchemy/orm/session.py", line 4487, in _flush
    with util.safe_reraise():
  File "/usr/local/python/3.12.1/lib/python3.12/site-packages/sqlalchemy/util/langhelpers.py", line 146, in __exit__
    raise exc_value.with_traceback(exc_tb)
  File "/usr/local/python/3.12.1/lib/python3.12/site-packages/sqlalchemy/orm/session.py", line 4448, in _flush
    flush_context.execute()
  File "/usr/local/python/3.12.1/lib/python3.12/site-packages/sqlalchemy/orm/unitofwork.py", line 466, in execute
    rec.execute(self)
  File "/usr/local/python/3.12.1/lib/python3.12/site-packages/sqlalchemy/orm/unitofwork.py", line 642, in execute
    util.preloaded.orm_persistence.save_obj(
  File "/usr/local/python/3.12.1/lib/python3.12/site-packages/sqlalchemy/orm/persistence.py", line 93, in save_obj
    _emit_insert_statements(
  File "/usr/local/python/3.12.1/lib/python3.12/site-packages/sqlalchemy/orm/persistence.py", line 1233, in _emit_insert_statements
    result = connection.execute(
             ^^^^^^^^^^^^^^^^^^^
  File "/usr/local/python/3.12.1/lib/python3.12/site-packages/sqlalchemy/engine/base.py", line 1418, in execute
    return meth(
           ^^^^^
  File "/usr/local/python/3.12.1/lib/python3.12/site-packages/sqlalchemy/sql/elements.py", line 515, in _execute_on_connection
    return connection._execute_clauseelement(
           ^^^^^^^^^^^^^^^^^^^^^^^^^^^^^^^^^^
  File "/usr/local/python/3.12.1/lib/python3.12/site-packages/sqlalchemy/engine/base.py", line 1640, in _execute_clauseelement
    ret = self._execute_context(
          ^^^^^^^^^^^^^^^^^^^^^^
  File "/usr/local/python/3.12.1/lib/python3.12/site-packages/sqlalchemy/engine/base.py", line 1846, in _execute_context
    return self._exec_single_context(
           ^^^^^^^^^^^^^^^^^^^^^^^^^^
  File "/usr/local/python/3.12.1/lib/python3.12/site-packages/sqlalchemy/engine/base.py", line 1986, in _exec_single_context
    self._handle_dbapi_exception(
  File "/usr/local/python/3.12.1/lib/python3.12/site-packages/sqlalchemy/engine/base.py", line 2355, in _handle_dbapi_exception
    raise sqlalchemy_exception.with_traceback(exc_info[2]) from e
  File "/usr/local/python/3.12.1/lib/python3.12/site-packages/sqlalchemy/engine/base.py", line 1967, in _exec_single_context
    self.dialect.do_execute(
  File "/usr/local/python/3.12.1/lib/python3.12/site-packages/sqlalchemy/engine/default.py", line 941, in do_execute
    cursor.execute(statement, parameters)
  File "/usr/local/python/3.12.1/lib/python3.12/site-packages/sqlalchemy/dialects/sqlite/aiosqlite.py", line 147, in execute
    self._adapt_connection._handle_exception(error)
  File "/usr/local/python/3.12.1/lib/python3.12/site-packages/sqlalchemy/dialects/sqlite/aiosqlite.py", line 298, in _handle_exception
    raise error
  File "/usr/local/python/3.12.1/lib/python3.12/site-packages/sqlalchemy/dialects/sqlite/aiosqlite.py", line 129, in execute
    self.await_(_cursor.execute(operation, parameters))
  File "/usr/local/python/3.12.1/lib/python3.12/site-packages/sqlalchemy/util/_concurrency_py3k.py", line 132, in await_only
    return current.parent.switch(awaitable)  # type: ignore[no-any-return,attr-defined] # noqa: E501
           ^^^^^^^^^^^^^^^^^^^^^^^^^^^^^^^^
  File "/usr/local/python/3.12.1/lib/python3.12/site-packages/sqlalchemy/util/_concurrency_py3k.py", line 196, in greenlet_spawn
    value = await result
            ^^^^^^^^^^^^
  File "/usr/local/python/3.12.1/lib/python3.12/site-packages/aiosqlite/cursor.py", line 48, in execute
    await self._execute(self._cursor.execute, sql, parameters)
  File "/usr/local/python/3.12.1/lib/python3.12/site-packages/aiosqlite/cursor.py", line 40, in _execute
    return await self._conn._execute(fn, *args, **kwargs)
           ^^^^^^^^^^^^^^^^^^^^^^^^^^^^^^^^^^^^^^^^^^^^^^
  File "/usr/local/python/3.12.1/lib/python3.12/site-packages/aiosqlite/core.py", line 132, in _execute
    return await future
           ^^^^^^^^^^^^
  File "/usr/local/python/3.12.1/lib/python3.12/site-packages/aiosqlite/core.py", line 115, in run
    result = function()
             ^^^^^^^^^^
sqlalchemy.exc.IntegrityError: (sqlite3.IntegrityError) UNIQUE constraint failed: users.telegram_id
[SQL: INSERT INTO users (telegram_id, full_name, phone, created_at, last_activity) VALUES (?, ?, ?, ?, ?)]
[parameters: (510686579, 'Ярослав Валеев', None, '2025-11-26 10:26:03.024119', '2025-11-26 10:26:03.024123')]
(Background on this error at: https://sqlalche.me/e/20/gkpj)
2025-11-26 10:26:06,876 - aiogram.event - INFO - Update id=23846920 is not handled. Duration 4 ms by bot id=8213931908
2025-11-26 10:26:06,876 - aiogram.event - ERROR - Cause exception while process update id=23846920 by bot id=8213931908
IntegrityError: (sqlite3.IntegrityError) UNIQUE constraint failed: users.telegram_id
[SQL: INSERT INTO users (telegram_id, full_name, phone, created_at, last_activity) VALUES (?, ?, ?, ?, ?)]
[parameters: (510686579, 'Ярослав Валеев', None, '2025-11-26 10:26:06.874937', '2025-11-26 10:26:06.874943')]
(Background on this error at: https://sqlalche.me/e/20/gkpj)
Traceback (most recent call last):
  File "/usr/local/python/3.12.1/lib/python3.12/site-packages/sqlalchemy/engine/base.py", line 1967, in _exec_single_context
    self.dialect.do_execute(
  File "/usr/local/python/3.12.1/lib/python3.12/site-packages/sqlalchemy/engine/default.py", line 941, in do_execute
    cursor.execute(statement, parameters)
  File "/usr/local/python/3.12.1/lib/python3.12/site-packages/sqlalchemy/dialects/sqlite/aiosqlite.py", line 147, in execute
    self._adapt_connection._handle_exception(error)
  File "/usr/local/python/3.12.1/lib/python3.12/site-packages/sqlalchemy/dialects/sqlite/aiosqlite.py", line 298, in _handle_exception
    raise error
  File "/usr/local/python/3.12.1/lib/python3.12/site-packages/sqlalchemy/dialects/sqlite/aiosqlite.py", line 129, in execute
    self.await_(_cursor.execute(operation, parameters))
  File "/usr/local/python/3.12.1/lib/python3.12/site-packages/sqlalchemy/util/_concurrency_py3k.py", line 132, in await_only
    return current.parent.switch(awaitable)  # type: ignore[no-any-return,attr-defined] # noqa: E501
           ^^^^^^^^^^^^^^^^^^^^^^^^^^^^^^^^
  File "/usr/local/python/3.12.1/lib/python3.12/site-packages/sqlalchemy/util/_concurrency_py3k.py", line 196, in greenlet_spawn
    value = await result
            ^^^^^^^^^^^^
  File "/usr/local/python/3.12.1/lib/python3.12/site-packages/aiosqlite/cursor.py", line 48, in execute
    await self._execute(self._cursor.execute, sql, parameters)
  File "/usr/local/python/3.12.1/lib/python3.12/site-packages/aiosqlite/cursor.py", line 40, in _execute
    return await self._conn._execute(fn, *args, **kwargs)
           ^^^^^^^^^^^^^^^^^^^^^^^^^^^^^^^^^^^^^^^^^^^^^^
  File "/usr/local/python/3.12.1/lib/python3.12/site-packages/aiosqlite/core.py", line 132, in _execute
    return await future
           ^^^^^^^^^^^^
  File "/usr/local/python/3.12.1/lib/python3.12/site-packages/aiosqlite/core.py", line 115, in run
    result = function()
             ^^^^^^^^^^
sqlite3.IntegrityError: UNIQUE constraint failed: users.telegram_id

The above exception was the direct cause of the following exception:

Traceback (most recent call last):
  File "/usr/local/python/3.12.1/lib/python3.12/site-packages/aiogram/dispatcher/dispatcher.py", line 309, in _process_update
    response = await self.feed_update(bot, update, **kwargs)
               ^^^^^^^^^^^^^^^^^^^^^^^^^^^^^^^^^^^^^^^^^^^^^
  File "/usr/local/python/3.12.1/lib/python3.12/site-packages/aiogram/dispatcher/dispatcher.py", line 158, in feed_update
    response = await self.update.wrap_outer_middleware(
               ^^^^^^^^^^^^^^^^^^^^^^^^^^^^^^^^^^^^^^^^
  File "/usr/local/python/3.12.1/lib/python3.12/site-packages/aiogram/dispatcher/middlewares/error.py", line 25, in __call__
    return await handler(event, data)
           ^^^^^^^^^^^^^^^^^^^^^^^^^^
  File "/usr/local/python/3.12.1/lib/python3.12/site-packages/aiogram/dispatcher/middlewares/user_context.py", line 56, in __call__
    return await handler(event, data)
           ^^^^^^^^^^^^^^^^^^^^^^^^^^
  File "/usr/local/python/3.12.1/lib/python3.12/site-packages/aiogram/fsm/middleware.py", line 42, in __call__
    return await handler(event, data)
           ^^^^^^^^^^^^^^^^^^^^^^^^^^
  File "/usr/local/python/3.12.1/lib/python3.12/site-packages/aiogram/dispatcher/event/telegram.py", line 121, in trigger
    return await wrapped_inner(event, kwargs)
           ^^^^^^^^^^^^^^^^^^^^^^^^^^^^^^^^^^
  File "/usr/local/python/3.12.1/lib/python3.12/site-packages/aiogram/dispatcher/event/handler.py", line 43, in call
    return await wrapped()
           ^^^^^^^^^^^^^^^
  File "/usr/local/python/3.12.1/lib/python3.12/site-packages/aiogram/dispatcher/dispatcher.py", line 276, in _listen_update
    return await self.propagate_event(update_type=update_type, event=event, **kwargs)
           ^^^^^^^^^^^^^^^^^^^^^^^^^^^^^^^^^^^^^^^^^^^^^^^^^^^^^^^^^^^^^^^^^^^^^^^^^^
  File "/usr/local/python/3.12.1/lib/python3.12/site-packages/aiogram/dispatcher/router.py", line 146, in propagate_event
    return await observer.wrap_outer_middleware(_wrapped, event=event, data=kwargs)
           ^^^^^^^^^^^^^^^^^^^^^^^^^^^^^^^^^^^^^^^^^^^^^^^^^^^^^^^^^^^^^^^^^^^^^^^^
  File "/usr/local/python/3.12.1/lib/python3.12/site-packages/aiogram/dispatcher/router.py", line 141, in _wrapped
    return await self._propagate_event(
           ^^^^^^^^^^^^^^^^^^^^^^^^^^^^
  File "/usr/local/python/3.12.1/lib/python3.12/site-packages/aiogram/dispatcher/router.py", line 174, in _propagate_event
    response = await router.propagate_event(update_type=update_type, event=event, **kwargs)
               ^^^^^^^^^^^^^^^^^^^^^^^^^^^^^^^^^^^^^^^^^^^^^^^^^^^^^^^^^^^^^^^^^^^^^^^^^^^^
  File "/usr/local/python/3.12.1/lib/python3.12/site-packages/aiogram/dispatcher/router.py", line 146, in propagate_event
    return await observer.wrap_outer_middleware(_wrapped, event=event, data=kwargs)
           ^^^^^^^^^^^^^^^^^^^^^^^^^^^^^^^^^^^^^^^^^^^^^^^^^^^^^^^^^^^^^^^^^^^^^^^^
  File "/usr/local/python/3.12.1/lib/python3.12/site-packages/aiogram/dispatcher/router.py", line 141, in _wrapped
    return await self._propagate_event(
           ^^^^^^^^^^^^^^^^^^^^^^^^^^^^
  File "/usr/local/python/3.12.1/lib/python3.12/site-packages/aiogram/dispatcher/router.py", line 166, in _propagate_event
    response = await observer.trigger(event, **kwargs)
               ^^^^^^^^^^^^^^^^^^^^^^^^^^^^^^^^^^^^^^^
  File "/usr/local/python/3.12.1/lib/python3.12/site-packages/aiogram/dispatcher/event/telegram.py", line 121, in trigger
    return await wrapped_inner(event, kwargs)
           ^^^^^^^^^^^^^^^^^^^^^^^^^^^^^^^^^^
  File "/usr/local/python/3.12.1/lib/python3.12/site-packages/aiogram/dispatcher/event/handler.py", line 43, in call
    return await wrapped()
           ^^^^^^^^^^^^^^^
  File "/workspaces/TanyaTGK_Admin/routers/start.py", line 29, in cmd_start
    await register_user_if_not_exists(
  File "/workspaces/TanyaTGK_Admin/routers/start.py", line 23, in register_user_if_not_exists
    await session.commit()
  File "/usr/local/python/3.12.1/lib/python3.12/site-packages/sqlalchemy/ext/asyncio/session.py", line 1009, in commit
    await greenlet_spawn(self.sync_session.commit)
  File "/usr/local/python/3.12.1/lib/python3.12/site-packages/sqlalchemy/util/_concurrency_py3k.py", line 203, in greenlet_spawn
    result = context.switch(value)
             ^^^^^^^^^^^^^^^^^^^^^
  File "/usr/local/python/3.12.1/lib/python3.12/site-packages/sqlalchemy/orm/session.py", line 2028, in commit
    trans.commit(_to_root=True)
  File "<string>", line 2, in commit
  File "/usr/local/python/3.12.1/lib/python3.12/site-packages/sqlalchemy/orm/state_changes.py", line 139, in _go
    ret_value = fn(self, *arg, **kw)
                ^^^^^^^^^^^^^^^^^^^^
  File "/usr/local/python/3.12.1/lib/python3.12/site-packages/sqlalchemy/orm/session.py", line 1313, in commit
    self._prepare_impl()
  File "<string>", line 2, in _prepare_impl
  File "/usr/local/python/3.12.1/lib/python3.12/site-packages/sqlalchemy/orm/state_changes.py", line 139, in _go
    ret_value = fn(self, *arg, **kw)
                ^^^^^^^^^^^^^^^^^^^^
  File "/usr/local/python/3.12.1/lib/python3.12/site-packages/sqlalchemy/orm/session.py", line 1288, in _prepare_impl
    self.session.flush()
  File "/usr/local/python/3.12.1/lib/python3.12/site-packages/sqlalchemy/orm/session.py", line 4352, in flush
    self._flush(objects)
  File "/usr/local/python/3.12.1/lib/python3.12/site-packages/sqlalchemy/orm/session.py", line 4487, in _flush
    with util.safe_reraise():
  File "/usr/local/python/3.12.1/lib/python3.12/site-packages/sqlalchemy/util/langhelpers.py", line 146, in __exit__
    raise exc_value.with_traceback(exc_tb)
  File "/usr/local/python/3.12.1/lib/python3.12/site-packages/sqlalchemy/orm/session.py", line 4448, in _flush
    flush_context.execute()
  File "/usr/local/python/3.12.1/lib/python3.12/site-packages/sqlalchemy/orm/unitofwork.py", line 466, in execute
    rec.execute(self)
  File "/usr/local/python/3.12.1/lib/python3.12/site-packages/sqlalchemy/orm/unitofwork.py", line 642, in execute
    util.preloaded.orm_persistence.save_obj(
  File "/usr/local/python/3.12.1/lib/python3.12/site-packages/sqlalchemy/orm/persistence.py", line 93, in save_obj
    _emit_insert_statements(
  File "/usr/local/python/3.12.1/lib/python3.12/site-packages/sqlalchemy/orm/persistence.py", line 1233, in _emit_insert_statements
    result = connection.execute(
             ^^^^^^^^^^^^^^^^^^^
  File "/usr/local/python/3.12.1/lib/python3.12/site-packages/sqlalchemy/engine/base.py", line 1418, in execute
    return meth(
           ^^^^^
  File "/usr/local/python/3.12.1/lib/python3.12/site-packages/sqlalchemy/sql/elements.py", line 515, in _execute_on_connection
    return connection._execute_clauseelement(
           ^^^^^^^^^^^^^^^^^^^^^^^^^^^^^^^^^^
  File "/usr/local/python/3.12.1/lib/python3.12/site-packages/sqlalchemy/engine/base.py", line 1640, in _execute_clauseelement
    ret = self._execute_context(
          ^^^^^^^^^^^^^^^^^^^^^^
  File "/usr/local/python/3.12.1/lib/python3.12/site-packages/sqlalchemy/engine/base.py", line 1846, in _execute_context
    return self._exec_single_context(
           ^^^^^^^^^^^^^^^^^^^^^^^^^^
  File "/usr/local/python/3.12.1/lib/python3.12/site-packages/sqlalchemy/engine/base.py", line 1986, in _exec_single_context
    self._handle_dbapi_exception(
  File "/usr/local/python/3.12.1/lib/python3.12/site-packages/sqlalchemy/engine/base.py", line 2355, in _handle_dbapi_exception
    raise sqlalchemy_exception.with_traceback(exc_info[2]) from e
  File "/usr/local/python/3.12.1/lib/python3.12/site-packages/sqlalchemy/engine/base.py", line 1967, in _exec_single_context
    self.dialect.do_execute(
  File "/usr/local/python/3.12.1/lib/python3.12/site-packages/sqlalchemy/engine/default.py", line 941, in do_execute
    cursor.execute(statement, parameters)
  File "/usr/local/python/3.12.1/lib/python3.12/site-packages/sqlalchemy/dialects/sqlite/aiosqlite.py", line 147, in execute
    self._adapt_connection._handle_exception(error)
  File "/usr/local/python/3.12.1/lib/python3.12/site-packages/sqlalchemy/dialects/sqlite/aiosqlite.py", line 298, in _handle_exception
    raise error
  File "/usr/local/python/3.12.1/lib/python3.12/site-packages/sqlalchemy/dialects/sqlite/aiosqlite.py", line 129, in execute
    self.await_(_cursor.execute(operation, parameters))
  File "/usr/local/python/3.12.1/lib/python3.12/site-packages/sqlalchemy/util/_concurrency_py3k.py", line 132, in await_only
    return current.parent.switch(awaitable)  # type: ignore[no-any-return,attr-defined] # noqa: E501
           ^^^^^^^^^^^^^^^^^^^^^^^^^^^^^^^^
  File "/usr/local/python/3.12.1/lib/python3.12/site-packages/sqlalchemy/util/_concurrency_py3k.py", line 196, in greenlet_spawn
    value = await result
            ^^^^^^^^^^^^
  File "/usr/local/python/3.12.1/lib/python3.12/site-packages/aiosqlite/cursor.py", line 48, in execute
    await self._execute(self._cursor.execute, sql, parameters)
  File "/usr/local/python/3.12.1/lib/python3.12/site-packages/aiosqlite/cursor.py", line 40, in _execute
    return await self._conn._execute(fn, *args, **kwargs)
           ^^^^^^^^^^^^^^^^^^^^^^^^^^^^^^^^^^^^^^^^^^^^^^
  File "/usr/local/python/3.12.1/lib/python3.12/site-packages/aiosqlite/core.py", line 132, in _execute
    return await future
           ^^^^^^^^^^^^
  File "/usr/local/python/3.12.1/lib/python3.12/site-packages/aiosqlite/core.py", line 115, in run
    result = function()
             ^^^^^^^^^^
sqlalchemy.exc.IntegrityError: (sqlite3.IntegrityError) UNIQUE constraint failed: users.telegram_id
[SQL: INSERT INTO users (telegram_id, full_name, phone, created_at, last_activity) VALUES (?, ?, ?, ?, ?)]
[parameters: (510686579, 'Ярослав Валеев', None, '2025-11-26 10:26:06.874937', '2025-11-26 10:26:06.874943')]
(Background on this error at: https://sqlalche.me/e/20/gkpj)
2025-11-26 10:26:29,000 - aiogram.event - INFO - Update id=23846921 is not handled. Duration 3 ms by bot id=8213931908
2025-11-26 10:26:29,000 - aiogram.event - ERROR - Cause exception while process update id=23846921 by bot id=8213931908
IntegrityError: (sqlite3.IntegrityError) UNIQUE constraint failed: users.telegram_id
[SQL: INSERT INTO users (telegram_id, full_name, phone, created_at, last_activity) VALUES (?, ?, ?, ?, ?)]
[parameters: (510686579, 'Ярослав Валеев', None, '2025-11-26 10:26:28.999044', '2025-11-26 10:26:28.999048')]
(Background on this error at: https://sqlalche.me/e/20/gkpj)
Traceback (most recent call last):
  File "/usr/local/python/3.12.1/lib/python3.12/site-packages/sqlalchemy/engine/base.py", line 1967, in _exec_single_context
    self.dialect.do_execute(
  File "/usr/local/python/3.12.1/lib/python3.12/site-packages/sqlalchemy/engine/default.py", line 941, in do_execute
    cursor.execute(statement, parameters)
  File "/usr/local/python/3.12.1/lib/python3.12/site-packages/sqlalchemy/dialects/sqlite/aiosqlite.py", line 147, in execute
    self._adapt_connection._handle_exception(error)
  File "/usr/local/python/3.12.1/lib/python3.12/site-packages/sqlalchemy/dialects/sqlite/aiosqlite.py", line 298, in _handle_exception
    raise error
  File "/usr/local/python/3.12.1/lib/python3.12/site-packages/sqlalchemy/dialects/sqlite/aiosqlite.py", line 129, in execute
    self.await_(_cursor.execute(operation, parameters))
  File "/usr/local/python/3.12.1/lib/python3.12/site-packages/sqlalchemy/util/_concurrency_py3k.py", line 132, in await_only
    return current.parent.switch(awaitable)  # type: ignore[no-any-return,attr-defined] # noqa: E501
           ^^^^^^^^^^^^^^^^^^^^^^^^^^^^^^^^
  File "/usr/local/python/3.12.1/lib/python3.12/site-packages/sqlalchemy/util/_concurrency_py3k.py", line 196, in greenlet_spawn
    value = await result
            ^^^^^^^^^^^^
  File "/usr/local/python/3.12.1/lib/python3.12/site-packages/aiosqlite/cursor.py", line 48, in execute
    await self._execute(self._cursor.execute, sql, parameters)
  File "/usr/local/python/3.12.1/lib/python3.12/site-packages/aiosqlite/cursor.py", line 40, in _execute
    return await self._conn._execute(fn, *args, **kwargs)
           ^^^^^^^^^^^^^^^^^^^^^^^^^^^^^^^^^^^^^^^^^^^^^^
  File "/usr/local/python/3.12.1/lib/python3.12/site-packages/aiosqlite/core.py", line 132, in _execute
    return await future
           ^^^^^^^^^^^^
  File "/usr/local/python/3.12.1/lib/python3.12/site-packages/aiosqlite/core.py", line 115, in run
    result = function()
             ^^^^^^^^^^
sqlite3.IntegrityError: UNIQUE constraint failed: users.telegram_id

The above exception was the direct cause of the following exception:

Traceback (most recent call last):
  File "/usr/local/python/3.12.1/lib/python3.12/site-packages/aiogram/dispatcher/dispatcher.py", line 309, in _process_update
    response = await self.feed_update(bot, update, **kwargs)
               ^^^^^^^^^^^^^^^^^^^^^^^^^^^^^^^^^^^^^^^^^^^^^
  File "/usr/local/python/3.12.1/lib/python3.12/site-packages/aiogram/dispatcher/dispatcher.py", line 158, in feed_update
    response = await self.update.wrap_outer_middleware(
               ^^^^^^^^^^^^^^^^^^^^^^^^^^^^^^^^^^^^^^^^
  File "/usr/local/python/3.12.1/lib/python3.12/site-packages/aiogram/dispatcher/middlewares/error.py", line 25, in __call__
    return await handler(event, data)
           ^^^^^^^^^^^^^^^^^^^^^^^^^^
  File "/usr/local/python/3.12.1/lib/python3.12/site-packages/aiogram/dispatcher/middlewares/user_context.py", line 56, in __call__
    return await handler(event, data)
           ^^^^^^^^^^^^^^^^^^^^^^^^^^
  File "/usr/local/python/3.12.1/lib/python3.12/site-packages/aiogram/fsm/middleware.py", line 42, in __call__
    return await handler(event, data)
           ^^^^^^^^^^^^^^^^^^^^^^^^^^
  File "/usr/local/python/3.12.1/lib/python3.12/site-packages/aiogram/dispatcher/event/telegram.py", line 121, in trigger
    return await wrapped_inner(event, kwargs)
           ^^^^^^^^^^^^^^^^^^^^^^^^^^^^^^^^^^
  File "/usr/local/python/3.12.1/lib/python3.12/site-packages/aiogram/dispatcher/event/handler.py", line 43, in call
    return await wrapped()
           ^^^^^^^^^^^^^^^
  File "/usr/local/python/3.12.1/lib/python3.12/site-packages/aiogram/dispatcher/dispatcher.py", line 276, in _listen_update
    return await self.propagate_event(update_type=update_type, event=event, **kwargs)
           ^^^^^^^^^^^^^^^^^^^^^^^^^^^^^^^^^^^^^^^^^^^^^^^^^^^^^^^^^^^^^^^^^^^^^^^^^^
  File "/usr/local/python/3.12.1/lib/python3.12/site-packages/aiogram/dispatcher/router.py", line 146, in propagate_event
    return await observer.wrap_outer_middleware(_wrapped, event=event, data=kwargs)
           ^^^^^^^^^^^^^^^^^^^^^^^^^^^^^^^^^^^^^^^^^^^^^^^^^^^^^^^^^^^^^^^^^^^^^^^^
  File "/usr/local/python/3.12.1/lib/python3.12/site-packages/aiogram/dispatcher/router.py", line 141, in _wrapped
    return await self._propagate_event(
           ^^^^^^^^^^^^^^^^^^^^^^^^^^^^
  File "/usr/local/python/3.12.1/lib/python3.12/site-packages/aiogram/dispatcher/router.py", line 174, in _propagate_event
    response = await router.propagate_event(update_type=update_type, event=event, **kwargs)
               ^^^^^^^^^^^^^^^^^^^^^^^^^^^^^^^^^^^^^^^^^^^^^^^^^^^^^^^^^^^^^^^^^^^^^^^^^^^^
  File "/usr/local/python/3.12.1/lib/python3.12/site-packages/aiogram/dispatcher/router.py", line 146, in propagate_event
    return await observer.wrap_outer_middleware(_wrapped, event=event, data=kwargs)
           ^^^^^^^^^^^^^^^^^^^^^^^^^^^^^^^^^^^^^^^^^^^^^^^^^^^^^^^^^^^^^^^^^^^^^^^^
  File "/usr/local/python/3.12.1/lib/python3.12/site-packages/aiogram/dispatcher/router.py", line 141, in _wrapped
    return await self._propagate_event(
           ^^^^^^^^^^^^^^^^^^^^^^^^^^^^
  File "/usr/local/python/3.12.1/lib/python3.12/site-packages/aiogram/dispatcher/router.py", line 166, in _propagate_event
    response = await observer.trigger(event, **kwargs)
               ^^^^^^^^^^^^^^^^^^^^^^^^^^^^^^^^^^^^^^^
  File "/usr/local/python/3.12.1/lib/python3.12/site-packages/aiogram/dispatcher/event/telegram.py", line 121, in trigger
    return await wrapped_inner(event, kwargs)
           ^^^^^^^^^^^^^^^^^^^^^^^^^^^^^^^^^^
  File "/usr/local/python/3.12.1/lib/python3.12/site-packages/aiogram/dispatcher/event/handler.py", line 43, in call
    return await wrapped()
           ^^^^^^^^^^^^^^^
  File "/workspaces/TanyaTGK_Admin/routers/start.py", line 29, in cmd_start
    await register_user_if_not_exists(
  File "/workspaces/TanyaTGK_Admin/routers/start.py", line 23, in register_user_if_not_exists
    await session.commit()
  File "/usr/local/python/3.12.1/lib/python3.12/site-packages/sqlalchemy/ext/asyncio/session.py", line 1009, in commit
    await greenlet_spawn(self.sync_session.commit)
  File "/usr/local/python/3.12.1/lib/python3.12/site-packages/sqlalchemy/util/_concurrency_py3k.py", line 203, in greenlet_spawn
    result = context.switch(value)
             ^^^^^^^^^^^^^^^^^^^^^
  File "/usr/local/python/3.12.1/lib/python3.12/site-packages/sqlalchemy/orm/session.py", line 2028, in commit
    trans.commit(_to_root=True)
  File "<string>", line 2, in commit
  File "/usr/local/python/3.12.1/lib/python3.12/site-packages/sqlalchemy/orm/state_changes.py", line 139, in _go
    ret_value = fn(self, *arg, **kw)
                ^^^^^^^^^^^^^^^^^^^^
  File "/usr/local/python/3.12.1/lib/python3.12/site-packages/sqlalchemy/orm/session.py", line 1313, in commit
    self._prepare_impl()
  File "<string>", line 2, in _prepare_impl
  File "/usr/local/python/3.12.1/lib/python3.12/site-packages/sqlalchemy/orm/state_changes.py", line 139, in _go
    ret_value = fn(self, *arg, **kw)
                ^^^^^^^^^^^^^^^^^^^^
  File "/usr/local/python/3.12.1/lib/python3.12/site-packages/sqlalchemy/orm/session.py", line 1288, in _prepare_impl
    self.session.flush()
  File "/usr/local/python/3.12.1/lib/python3.12/site-packages/sqlalchemy/orm/session.py", line 4352, in flush
    self._flush(objects)
  File "/usr/local/python/3.12.1/lib/python3.12/site-packages/sqlalchemy/orm/session.py", line 4487, in _flush
    with util.safe_reraise():
  File "/usr/local/python/3.12.1/lib/python3.12/site-packages/sqlalchemy/util/langhelpers.py", line 146, in __exit__
    raise exc_value.with_traceback(exc_tb)
  File "/usr/local/python/3.12.1/lib/python3.12/site-packages/sqlalchemy/orm/session.py", line 4448, in _flush
    flush_context.execute()
  File "/usr/local/python/3.12.1/lib/python3.12/site-packages/sqlalchemy/orm/unitofwork.py", line 466, in execute
    rec.execute(self)
  File "/usr/local/python/3.12.1/lib/python3.12/site-packages/sqlalchemy/orm/unitofwork.py", line 642, in execute
    util.preloaded.orm_persistence.save_obj(
  File "/usr/local/python/3.12.1/lib/python3.12/site-packages/sqlalchemy/orm/persistence.py", line 93, in save_obj
    _emit_insert_statements(
  File "/usr/local/python/3.12.1/lib/python3.12/site-packages/sqlalchemy/orm/persistence.py", line 1233, in _emit_insert_statements
    result = connection.execute(
             ^^^^^^^^^^^^^^^^^^^
  File "/usr/local/python/3.12.1/lib/python3.12/site-packages/sqlalchemy/engine/base.py", line 1418, in execute
    return meth(
           ^^^^^
  File "/usr/local/python/3.12.1/lib/python3.12/site-packages/sqlalchemy/sql/elements.py", line 515, in _execute_on_connection
    return connection._execute_clauseelement(
           ^^^^^^^^^^^^^^^^^^^^^^^^^^^^^^^^^^
  File "/usr/local/python/3.12.1/lib/python3.12/site-packages/sqlalchemy/engine/base.py", line 1640, in _execute_clauseelement
    ret = self._execute_context(
          ^^^^^^^^^^^^^^^^^^^^^^
  File "/usr/local/python/3.12.1/lib/python3.12/site-packages/sqlalchemy/engine/base.py", line 1846, in _execute_context
    return self._exec_single_context(
           ^^^^^^^^^^^^^^^^^^^^^^^^^^
  File "/usr/local/python/3.12.1/lib/python3.12/site-packages/sqlalchemy/engine/base.py", line 1986, in _exec_single_context
    self._handle_dbapi_exception(
  File "/usr/local/python/3.12.1/lib/python3.12/site-packages/sqlalchemy/engine/base.py", line 2355, in _handle_dbapi_exception
    raise sqlalchemy_exception.with_traceback(exc_info[2]) from e
  File "/usr/local/python/3.12.1/lib/python3.12/site-packages/sqlalchemy/engine/base.py", line 1967, in _exec_single_context
    self.dialect.do_execute(
  File "/usr/local/python/3.12.1/lib/python3.12/site-packages/sqlalchemy/engine/default.py", line 941, in do_execute
    cursor.execute(statement, parameters)
  File "/usr/local/python/3.12.1/lib/python3.12/site-packages/sqlalchemy/dialects/sqlite/aiosqlite.py", line 147, in execute
    self._adapt_connection._handle_exception(error)
  File "/usr/local/python/3.12.1/lib/python3.12/site-packages/sqlalchemy/dialects/sqlite/aiosqlite.py", line 298, in _handle_exception
    raise error
  File "/usr/local/python/3.12.1/lib/python3.12/site-packages/sqlalchemy/dialects/sqlite/aiosqlite.py", line 129, in execute
    self.await_(_cursor.execute(operation, parameters))
  File "/usr/local/python/3.12.1/lib/python3.12/site-packages/sqlalchemy/util/_concurrency_py3k.py", line 132, in await_only
    return current.parent.switch(awaitable)  # type: ignore[no-any-return,attr-defined] # noqa: E501
           ^^^^^^^^^^^^^^^^^^^^^^^^^^^^^^^^
  File "/usr/local/python/3.12.1/lib/python3.12/site-packages/sqlalchemy/util/_concurrency_py3k.py", line 196, in greenlet_spawn
    value = await result
            ^^^^^^^^^^^^
  File "/usr/local/python/3.12.1/lib/python3.12/site-packages/aiosqlite/cursor.py", line 48, in execute
    await self._execute(self._cursor.execute, sql, parameters)
  File "/usr/local/python/3.12.1/lib/python3.12/site-packages/aiosqlite/cursor.py", line 40, in _execute
    return await self._conn._execute(fn, *args, **kwargs)
           ^^^^^^^^^^^^^^^^^^^^^^^^^^^^^^^^^^^^^^^^^^^^^^
  File "/usr/local/python/3.12.1/lib/python3.12/site-packages/aiosqlite/core.py", line 132, in _execute
    return await future
           ^^^^^^^^^^^^
  File "/usr/local/python/3.12.1/lib/python3.12/site-packages/aiosqlite/core.py", line 115, in run
    result = function()
             ^^^^^^^^^^
sqlalchemy.exc.IntegrityError: (sqlite3.IntegrityError) UNIQUE constraint failed: users.telegram_id
[SQL: INSERT INTO users (telegram_id, full_name, phone, created_at, last_activity) VALUES (?, ?, ?, ?, ?)]
[parameters: (510686579, 'Ярослав Валеев', None, '2025-11-26 10:26:28.999044', '2025-11-26 10:26:28.999048')]
(Background on this error at: https://sqlalche.me/e/20/gkpj)
2025-11-26 10:31:26,515 - aiogram.dispatcher - WARNING - Received SIGINT signal
2025-11-26 10:31:26,516 - aiogram.dispatcher - INFO - Polling stopped for bot @PilatesReformerIzh_bot id=8213931908 - 'PilatesReformerIzh'
2025-11-26 10:31:26,516 - aiogram.dispatcher - INFO - Polling stopped
2025-11-26 10:32:35,384 - __main__ - INFO - Запуск бота в режиме polling...
2025-11-26 10:32:35,390 - db.database - INFO - База данных инициализирована (SQLite)
2025-11-26 10:32:35,391 - apscheduler.scheduler - INFO - Scheduler started
2025-11-26 10:32:35,391 - services.scheduler - INFO - APScheduler запущен: напоминания активны
2025-11-26 10:32:35,703 - __main__ - INFO - Бот запущен и готов к работе
2025-11-26 10:32:35,703 - aiogram.dispatcher - INFO - Start polling
2025-11-26 10:32:35,792 - aiogram.dispatcher - INFO - Run polling for bot @PilatesReformerIzh_bot id=8213931908 - 'PilatesReformerIzh'
2025-11-26 10:32:36,223 - aiogram.event - INFO - Update id=23846922 is handled. Duration 326 ms by bot id=8213931908
2025-11-26 10:32:52,974 - services.google_sheets - ERROR - Ошибка чтения тренеров из Google Sheets: <Response [404]>
2025-11-26 10:32:53,328 - aiogram.event - INFO - Update id=23846923 is handled. Duration 632 ms by bot id=8213931908
2025-11-26 10:32:57,543 - aiogram.event - INFO - Update id=23846924 is handled. Duration 282 ms by bot id=8213931908
2025-11-26 10:33:00,835 - aiogram.event - INFO - Update id=23846925 is handled. Duration 274 ms by bot id=8213931908
2025-11-26 10:33:03,346 - services.google_sheets - ERROR - Ошибка чтения FAQ: <Response [404]>
2025-11-26 10:33:03,533 - aiogram.event - INFO - Update id=23846926 is handled. Duration 454 ms by bot id=8213931908
2025-11-26 10:34:13,662 - services.google_sheets - ERROR - Ошибка чтения тренеров из Google Sheets: <Response [404]>
2025-11-26 10:34:13,967 - aiogram.event - INFO - Update id=23846927 is handled. Duration 537 ms by bot id=8213931908
2025-11-27 08:15:49,237 - __main__ - INFO - Запуск бота в режиме polling...
2025-11-27 08:15:49,242 - db.database - INFO - База данных инициализирована (SQLite)
2025-11-27 08:15:49,243 - apscheduler.scheduler - INFO - Scheduler started
2025-11-27 08:15:49,243 - services.scheduler - INFO - APScheduler запущен: напоминания активны
2025-11-27 08:15:49,569 - __main__ - INFO - Бот запущен и готов к работе
2025-11-27 08:15:49,569 - aiogram.dispatcher - INFO - Start polling
2025-11-27 08:15:49,664 - aiogram.dispatcher - INFO - Run polling for bot @PilatesReformerIzh_bot id=8213931908 - 'PilatesReformerIzh'
2025-11-27 08:46:30,051 - aiogram.event - INFO - Update id=23846928 is handled. Duration 338 ms by bot id=8213931908
2025-11-27 08:46:58,269 - services.google_sheets - ERROR - Ошибка чтения тренеров из Google Sheets: <Response [404]>
2025-11-27 08:46:58,571 - aiogram.event - INFO - Update id=23846929 is handled. Duration 567 ms by bot id=8213931908
2025-11-27 08:47:02,995 - services.google_sheets - ERROR - Ошибка чтения FAQ: <Response [404]>
2025-11-27 08:47:03,158 - aiogram.event - INFO - Update id=23846930 is handled. Duration 366 ms by bot id=8213931908
2025-11-27 08:47:09,234 - aiogram.event - INFO - Update id=23846931 is handled. Duration 153 ms by bot id=8213931908
2025-11-27 08:47:12,003 - aiogram.event - INFO - Update id=23846932 is handled. Duration 128 ms by bot id=8213931908
2025-11-28 11:47:03,673 - __main__ - INFO - Запуск бота в режиме polling...
2025-11-28 11:47:03,904 - db.database - INFO - База данных инициализирована (SQLite)
2025-11-28 11:47:03,905 - apscheduler.scheduler - INFO - Scheduler started
2025-11-28 11:47:03,908 - apscheduler.scheduler - INFO - Added job "check_inactive_users" to job store "default"
2025-11-28 11:47:03,908 - services.scheduler - INFO - APScheduler запущен: напоминания и проверка неактивности активны
2025-11-28 11:47:04,236 - __main__ - INFO - Бот запущен и готов к работе
2025-11-28 11:47:04,236 - aiogram.dispatcher - INFO - Start polling
2025-11-28 11:47:04,326 - aiogram.dispatcher - INFO - Run polling for bot @PilatesReformerIzh_bot id=8213931908 - 'PilatesReformerIzh'
2025-11-28 11:47:28,751 - utils.helpers - ERROR - Ошибка при обновлении last_activity для 510686579: (sqlite3.OperationalError) no such column: users.last_inactivity_message_sent
[SQL: SELECT users.id, users.telegram_id, users.full_name, users.phone, users.created_at, users.last_activity, users.last_inactivity_message_sent 
FROM users 
WHERE users.telegram_id = ?]
[parameters: (510686579,)]
(Background on this error at: https://sqlalche.me/e/20/e3q8)
2025-11-28 11:47:29,021 - services.google_sheets - ERROR - Ошибка логирования действия: <Response [404]>
2025-11-28 11:47:29,342 - aiogram.event - INFO - Update id=23846933 is handled. Duration 603 ms by bot id=8213931908
2025-11-28 11:47:41,022 - services.google_sheets - ERROR - Ошибка чтения тренеров из Google Sheets: <Response [404]>
2025-11-28 11:47:41,178 - aiogram.event - INFO - Update id=23846934 is handled. Duration 464 ms by bot id=8213931908
2025-11-28 11:48:05,141 - utils.helpers - ERROR - Ошибка при обновлении last_activity для 510686579: (sqlite3.OperationalError) no such column: users.last_inactivity_message_sent
[SQL: SELECT users.id, users.telegram_id, users.full_name, users.phone, users.created_at, users.last_activity, users.last_inactivity_message_sent 
FROM users 
WHERE users.telegram_id = ?]
[parameters: (510686579,)]
(Background on this error at: https://sqlalche.me/e/20/e3q8)
2025-11-28 11:48:05,403 - services.google_sheets - ERROR - Ошибка логирования действия: <Response [404]>
2025-11-28 11:48:05,688 - aiogram.event - INFO - Update id=23846935 is handled. Duration 550 ms by bot id=8213931908
2025-11-28 11:48:09,880 - utils.helpers - ERROR - Ошибка при обновлении last_activity для 510686579: (sqlite3.OperationalError) no such column: users.last_inactivity_message_sent
[SQL: SELECT users.id, users.telegram_id, users.full_name, users.phone, users.created_at, users.last_activity, users.last_inactivity_message_sent 
FROM users 
WHERE users.telegram_id = ?]
[parameters: (510686579,)]
(Background on this error at: https://sqlalche.me/e/20/e3q8)
2025-11-28 11:48:10,153 - services.google_sheets - ERROR - Ошибка логирования действия: <Response [404]>
2025-11-28 11:48:10,162 - aiogram.event - INFO - Update id=23846936 is not handled. Duration 286 ms by bot id=8213931908
2025-11-28 11:48:10,163 - aiogram.event - ERROR - Cause exception while process update id=23846936 by bot id=8213931908
OperationalError: (sqlite3.OperationalError) no such column: bookings.lesson_type
[SQL: SELECT bookings.id, bookings.user_id, bookings.trainer, bookings.date, bookings.time, bookings.price, bookings.payment_type, bookings.status, bookings.lesson_type, bookings.created_at, bookings.reminder_12_sent, bookings.reminder_2_sent 
FROM bookings 
WHERE bookings.user_id = ? ORDER BY bookings.date DESC]
[parameters: (510686579,)]
(Background on this error at: https://sqlalche.me/e/20/e3q8)
Traceback (most recent call last):
  File "/usr/local/python/3.12.1/lib/python3.12/site-packages/sqlalchemy/engine/base.py", line 1967, in _exec_single_context
    self.dialect.do_execute(
  File "/usr/local/python/3.12.1/lib/python3.12/site-packages/sqlalchemy/engine/default.py", line 941, in do_execute
    cursor.execute(statement, parameters)
  File "/usr/local/python/3.12.1/lib/python3.12/site-packages/sqlalchemy/dialects/sqlite/aiosqlite.py", line 147, in execute
    self._adapt_connection._handle_exception(error)
  File "/usr/local/python/3.12.1/lib/python3.12/site-packages/sqlalchemy/dialects/sqlite/aiosqlite.py", line 298, in _handle_exception
    raise error
  File "/usr/local/python/3.12.1/lib/python3.12/site-packages/sqlalchemy/dialects/sqlite/aiosqlite.py", line 129, in execute
    self.await_(_cursor.execute(operation, parameters))
  File "/usr/local/python/3.12.1/lib/python3.12/site-packages/sqlalchemy/util/_concurrency_py3k.py", line 132, in await_only
    return current.parent.switch(awaitable)  # type: ignore[no-any-return,attr-defined] # noqa: E501
           ^^^^^^^^^^^^^^^^^^^^^^^^^^^^^^^^
  File "/usr/local/python/3.12.1/lib/python3.12/site-packages/sqlalchemy/util/_concurrency_py3k.py", line 196, in greenlet_spawn
    value = await result
            ^^^^^^^^^^^^
  File "/usr/local/python/3.12.1/lib/python3.12/site-packages/aiosqlite/cursor.py", line 48, in execute
    await self._execute(self._cursor.execute, sql, parameters)
  File "/usr/local/python/3.12.1/lib/python3.12/site-packages/aiosqlite/cursor.py", line 40, in _execute
    return await self._conn._execute(fn, *args, **kwargs)
           ^^^^^^^^^^^^^^^^^^^^^^^^^^^^^^^^^^^^^^^^^^^^^^
  File "/usr/local/python/3.12.1/lib/python3.12/site-packages/aiosqlite/core.py", line 132, in _execute
    return await future
           ^^^^^^^^^^^^
  File "/usr/local/python/3.12.1/lib/python3.12/site-packages/aiosqlite/core.py", line 115, in run
    result = function()
             ^^^^^^^^^^
sqlite3.OperationalError: no such column: bookings.lesson_type

The above exception was the direct cause of the following exception:

Traceback (most recent call last):
  File "/usr/local/python/3.12.1/lib/python3.12/site-packages/aiogram/dispatcher/dispatcher.py", line 309, in _process_update
    response = await self.feed_update(bot, update, **kwargs)
               ^^^^^^^^^^^^^^^^^^^^^^^^^^^^^^^^^^^^^^^^^^^^^
  File "/usr/local/python/3.12.1/lib/python3.12/site-packages/aiogram/dispatcher/dispatcher.py", line 158, in feed_update
    response = await self.update.wrap_outer_middleware(
               ^^^^^^^^^^^^^^^^^^^^^^^^^^^^^^^^^^^^^^^^
  File "/usr/local/python/3.12.1/lib/python3.12/site-packages/aiogram/dispatcher/middlewares/error.py", line 25, in __call__
    return await handler(event, data)
           ^^^^^^^^^^^^^^^^^^^^^^^^^^
  File "/usr/local/python/3.12.1/lib/python3.12/site-packages/aiogram/dispatcher/middlewares/user_context.py", line 56, in __call__
    return await handler(event, data)
           ^^^^^^^^^^^^^^^^^^^^^^^^^^
  File "/usr/local/python/3.12.1/lib/python3.12/site-packages/aiogram/fsm/middleware.py", line 42, in __call__
    return await handler(event, data)
           ^^^^^^^^^^^^^^^^^^^^^^^^^^
  File "/usr/local/python/3.12.1/lib/python3.12/site-packages/aiogram/dispatcher/event/telegram.py", line 121, in trigger
    return await wrapped_inner(event, kwargs)
           ^^^^^^^^^^^^^^^^^^^^^^^^^^^^^^^^^^
  File "/usr/local/python/3.12.1/lib/python3.12/site-packages/aiogram/dispatcher/event/handler.py", line 43, in call
    return await wrapped()
           ^^^^^^^^^^^^^^^
  File "/usr/local/python/3.12.1/lib/python3.12/site-packages/aiogram/dispatcher/dispatcher.py", line 276, in _listen_update
    return await self.propagate_event(update_type=update_type, event=event, **kwargs)
           ^^^^^^^^^^^^^^^^^^^^^^^^^^^^^^^^^^^^^^^^^^^^^^^^^^^^^^^^^^^^^^^^^^^^^^^^^^
  File "/usr/local/python/3.12.1/lib/python3.12/site-packages/aiogram/dispatcher/router.py", line 146, in propagate_event
    return await observer.wrap_outer_middleware(_wrapped, event=event, data=kwargs)
           ^^^^^^^^^^^^^^^^^^^^^^^^^^^^^^^^^^^^^^^^^^^^^^^^^^^^^^^^^^^^^^^^^^^^^^^^
  File "/usr/local/python/3.12.1/lib/python3.12/site-packages/aiogram/dispatcher/router.py", line 141, in _wrapped
    return await self._propagate_event(
           ^^^^^^^^^^^^^^^^^^^^^^^^^^^^
  File "/usr/local/python/3.12.1/lib/python3.12/site-packages/aiogram/dispatcher/router.py", line 174, in _propagate_event
    response = await router.propagate_event(update_type=update_type, event=event, **kwargs)
               ^^^^^^^^^^^^^^^^^^^^^^^^^^^^^^^^^^^^^^^^^^^^^^^^^^^^^^^^^^^^^^^^^^^^^^^^^^^^
  File "/usr/local/python/3.12.1/lib/python3.12/site-packages/aiogram/dispatcher/router.py", line 146, in propagate_event
    return await observer.wrap_outer_middleware(_wrapped, event=event, data=kwargs)
           ^^^^^^^^^^^^^^^^^^^^^^^^^^^^^^^^^^^^^^^^^^^^^^^^^^^^^^^^^^^^^^^^^^^^^^^^
  File "/usr/local/python/3.12.1/lib/python3.12/site-packages/aiogram/dispatcher/router.py", line 141, in _wrapped
    return await self._propagate_event(
           ^^^^^^^^^^^^^^^^^^^^^^^^^^^^
  File "/usr/local/python/3.12.1/lib/python3.12/site-packages/aiogram/dispatcher/router.py", line 166, in _propagate_event
    response = await observer.trigger(event, **kwargs)
               ^^^^^^^^^^^^^^^^^^^^^^^^^^^^^^^^^^^^^^^
  File "/usr/local/python/3.12.1/lib/python3.12/site-packages/aiogram/dispatcher/event/telegram.py", line 121, in trigger
    return await wrapped_inner(event, kwargs)
           ^^^^^^^^^^^^^^^^^^^^^^^^^^^^^^^^^^
  File "/usr/local/python/3.12.1/lib/python3.12/site-packages/aiogram/dispatcher/event/handler.py", line 43, in call
    return await wrapped()
           ^^^^^^^^^^^^^^^
  File "/workspaces/TanyaTGK_Admin/routers/profile.py", line 25, in my_bookings
    bookings = await session.execute(
               ^^^^^^^^^^^^^^^^^^^^^^
  File "/usr/local/python/3.12.1/lib/python3.12/site-packages/sqlalchemy/ext/asyncio/session.py", line 461, in execute
    result = await greenlet_spawn(
             ^^^^^^^^^^^^^^^^^^^^^
  File "/usr/local/python/3.12.1/lib/python3.12/site-packages/sqlalchemy/util/_concurrency_py3k.py", line 201, in greenlet_spawn
    result = context.throw(*sys.exc_info())
             ^^^^^^^^^^^^^^^^^^^^^^^^^^^^^^
  File "/usr/local/python/3.12.1/lib/python3.12/site-packages/sqlalchemy/orm/session.py", line 2362, in execute
    return self._execute_internal(
           ^^^^^^^^^^^^^^^^^^^^^^^
  File "/usr/local/python/3.12.1/lib/python3.12/site-packages/sqlalchemy/orm/session.py", line 2247, in _execute_internal
    result: Result[Any] = compile_state_cls.orm_execute_statement(
                          ^^^^^^^^^^^^^^^^^^^^^^^^^^^^^^^^^^^^^^^^
  File "/usr/local/python/3.12.1/lib/python3.12/site-packages/sqlalchemy/orm/context.py", line 305, in orm_execute_statement
    result = conn.execute(
             ^^^^^^^^^^^^^
  File "/usr/local/python/3.12.1/lib/python3.12/site-packages/sqlalchemy/engine/base.py", line 1418, in execute
    return meth(
           ^^^^^
  File "/usr/local/python/3.12.1/lib/python3.12/site-packages/sqlalchemy/sql/elements.py", line 515, in _execute_on_connection
    return connection._execute_clauseelement(
           ^^^^^^^^^^^^^^^^^^^^^^^^^^^^^^^^^^
  File "/usr/local/python/3.12.1/lib/python3.12/site-packages/sqlalchemy/engine/base.py", line 1640, in _execute_clauseelement
    ret = self._execute_context(
          ^^^^^^^^^^^^^^^^^^^^^^
  File "/usr/local/python/3.12.1/lib/python3.12/site-packages/sqlalchemy/engine/base.py", line 1846, in _execute_context
    return self._exec_single_context(
           ^^^^^^^^^^^^^^^^^^^^^^^^^^
  File "/usr/local/python/3.12.1/lib/python3.12/site-packages/sqlalchemy/engine/base.py", line 1986, in _exec_single_context
    self._handle_dbapi_exception(
  File "/usr/local/python/3.12.1/lib/python3.12/site-packages/sqlalchemy/engine/base.py", line 2355, in _handle_dbapi_exception
    raise sqlalchemy_exception.with_traceback(exc_info[2]) from e
  File "/usr/local/python/3.12.1/lib/python3.12/site-packages/sqlalchemy/engine/base.py", line 1967, in _exec_single_context
    self.dialect.do_execute(
  File "/usr/local/python/3.12.1/lib/python3.12/site-packages/sqlalchemy/engine/default.py", line 941, in do_execute
    cursor.execute(statement, parameters)
  File "/usr/local/python/3.12.1/lib/python3.12/site-packages/sqlalchemy/dialects/sqlite/aiosqlite.py", line 147, in execute
    self._adapt_connection._handle_exception(error)
  File "/usr/local/python/3.12.1/lib/python3.12/site-packages/sqlalchemy/dialects/sqlite/aiosqlite.py", line 298, in _handle_exception
    raise error
  File "/usr/local/python/3.12.1/lib/python3.12/site-packages/sqlalchemy/dialects/sqlite/aiosqlite.py", line 129, in execute
    self.await_(_cursor.execute(operation, parameters))
  File "/usr/local/python/3.12.1/lib/python3.12/site-packages/sqlalchemy/util/_concurrency_py3k.py", line 132, in await_only
    return current.parent.switch(awaitable)  # type: ignore[no-any-return,attr-defined] # noqa: E501
           ^^^^^^^^^^^^^^^^^^^^^^^^^^^^^^^^
  File "/usr/local/python/3.12.1/lib/python3.12/site-packages/sqlalchemy/util/_concurrency_py3k.py", line 196, in greenlet_spawn
    value = await result
            ^^^^^^^^^^^^
  File "/usr/local/python/3.12.1/lib/python3.12/site-packages/aiosqlite/cursor.py", line 48, in execute
    await self._execute(self._cursor.execute, sql, parameters)
  File "/usr/local/python/3.12.1/lib/python3.12/site-packages/aiosqlite/cursor.py", line 40, in _execute
    return await self._conn._execute(fn, *args, **kwargs)
           ^^^^^^^^^^^^^^^^^^^^^^^^^^^^^^^^^^^^^^^^^^^^^^
  File "/usr/local/python/3.12.1/lib/python3.12/site-packages/aiosqlite/core.py", line 132, in _execute
    return await future
           ^^^^^^^^^^^^
  File "/usr/local/python/3.12.1/lib/python3.12/site-packages/aiosqlite/core.py", line 115, in run
    result = function()
             ^^^^^^^^^^
sqlalchemy.exc.OperationalError: (sqlite3.OperationalError) no such column: bookings.lesson_type
[SQL: SELECT bookings.id, bookings.user_id, bookings.trainer, bookings.date, bookings.time, bookings.price, bookings.payment_type, bookings.status, bookings.lesson_type, bookings.created_at, bookings.reminder_12_sent, bookings.reminder_2_sent 
FROM bookings 
WHERE bookings.user_id = ? ORDER BY bookings.date DESC]
[parameters: (510686579,)]
(Background on this error at: https://sqlalche.me/e/20/e3q8)
2025-11-28 11:48:32,277 - services.google_sheets - ERROR - Ошибка чтения FAQ: <Response [404]>
2025-11-28 11:48:32,564 - aiogram.event - INFO - Update id=23846937 is handled. Duration 538 ms by bot id=8213931908
2025-11-28 11:49:08,221 - aiogram.event - INFO - Update id=23846938 is handled. Duration 298 ms by bot id=8213931908
2025-11-28 11:49:25,414 - aiogram.event - INFO - Update id=23846939 is not handled. Duration 2 ms by bot id=8213931908
2025-11-28 11:52:00,093 - aiogram.dispatcher - WARNING - Received SIGINT signal
2025-11-28 11:52:00,094 - aiogram.dispatcher - INFO - Polling stopped for bot @PilatesReformerIzh_bot id=8213931908 - 'PilatesReformerIzh'
2025-11-28 11:52:00,094 - aiogram.dispatcher - INFO - Polling stopped
2025-11-28 12:58:04,402 - __main__ - INFO - Запуск бота в режиме polling...
2025-11-28 12:58:04,407 - db.database - INFO - База данных инициализирована (SQLite)
2025-11-28 12:58:04,408 - apscheduler.scheduler - INFO - Scheduler started
2025-11-28 12:58:04,414 - apscheduler.scheduler - INFO - Added job "check_inactive_users" to job store "default"
2025-11-28 12:58:04,414 - services.scheduler - INFO - APScheduler запущен: напоминания и проверка неактивности активны
2025-11-28 12:58:04,868 - __main__ - INFO - Бот запущен и готов к работе
2025-11-28 12:58:04,868 - aiogram.dispatcher - INFO - Start polling
2025-11-28 12:58:04,955 - aiogram.dispatcher - INFO - Run polling for bot @PilatesReformerIzh_bot id=8213931908 - 'PilatesReformerIzh'
2025-11-28 12:58:06,051 - aiogram.dispatcher - WARNING - Received SIGTERM signal
2025-11-28 12:58:06,051 - aiogram.dispatcher - INFO - Polling stopped for bot @PilatesReformerIzh_bot id=8213931908 - 'PilatesReformerIzh'
2025-11-28 12:58:06,052 - aiogram.dispatcher - INFO - Polling stopped
2025-11-28 13:00:54,234 - __main__ - INFO - Запуск бота в режиме polling...
2025-11-28 13:00:54,239 - db.database - INFO - База данных инициализирована (SQLite)
2025-11-28 13:00:54,239 - apscheduler.scheduler - INFO - Scheduler started
2025-11-28 13:00:54,241 - apscheduler.scheduler - INFO - Added job "check_inactive_users" to job store "default"
2025-11-28 13:00:54,242 - services.scheduler - INFO - APScheduler запущен: напоминания и проверка неактивности активны
2025-11-28 13:00:54,665 - __main__ - INFO - Бот запущен и готов к работе
2025-11-28 13:00:54,665 - aiogram.dispatcher - INFO - Start polling
2025-11-28 13:00:54,759 - aiogram.dispatcher - INFO - Run polling for bot @PilatesReformerIzh_bot id=8213931908 - 'PilatesReformerIzh'
2025-11-28 13:00:55,198 - services.google_sheets - ERROR - Google Sheet с ID '1aBcDeFgHiJkLmNoPqRsTuVwXyZ0123456789' не найден. Проверьте переменную GOOGLE_SHEET_ID и доступ сервисного аккаунта.
2025-11-28 13:00:55,198 - services.google_sheets - ERROR - Ошибка логирования действия: <Response [404]>
2025-11-28 13:00:55,515 - aiogram.event - INFO - Update id=23846940 is handled. Duration 650 ms by bot id=8213931908
2025-11-28 13:01:01,924 - services.google_sheets - ERROR - Ошибка чтения тренеров из Google Sheets: <Response [404]>
2025-11-28 13:01:02,043 - aiogram.event - INFO - Update id=23846941 is handled. Duration 582 ms by bot id=8213931908
2025-11-28 13:06:04,298 - aiogram.dispatcher - WARNING - Received SIGINT signal
2025-11-28 13:06:04,299 - aiogram.dispatcher - INFO - Polling stopped for bot @PilatesReformerIzh_bot id=8213931908 - 'PilatesReformerIzh'
2025-11-28 13:06:04,299 - aiogram.dispatcher - INFO - Polling stopped
2025-11-28 13:10:07,119 - __main__ - INFO - Запуск бота в режиме polling...
2025-11-28 13:10:07,123 - db.database - INFO - База данных инициализирована (SQLite)
2025-11-28 13:10:07,124 - apscheduler.scheduler - INFO - Scheduler started
2025-11-28 13:10:07,125 - apscheduler.scheduler - INFO - Added job "check_inactive_users" to job store "default"
2025-11-28 13:10:07,126 - services.scheduler - INFO - APScheduler запущен: напоминания и проверка неактивности активны
2025-11-28 13:10:07,440 - __main__ - INFO - Бот запущен и готов к работе
2025-11-28 13:10:07,440 - aiogram.dispatcher - INFO - Start polling
2025-11-28 13:10:07,527 - aiogram.dispatcher - INFO - Run polling for bot @PilatesReformerIzh_bot id=8213931908 - 'PilatesReformerIzh'
2025-11-28 13:10:13,754 - aiogram.dispatcher - WARNING - Received SIGTERM signal
2025-11-28 13:10:13,755 - aiogram.dispatcher - INFO - Polling stopped for bot @PilatesReformerIzh_bot id=8213931908 - 'PilatesReformerIzh'
2025-11-28 13:10:13,755 - aiogram.dispatcher - INFO - Polling stopped
2025-11-28 13:10:28,592 - __main__ - INFO - Запуск бота в режиме polling...
2025-11-28 13:10:28,596 - db.database - INFO - База данных инициализирована (SQLite)
2025-11-28 13:10:28,597 - apscheduler.scheduler - INFO - Scheduler started
2025-11-28 13:10:28,599 - apscheduler.scheduler - INFO - Added job "check_inactive_users" to job store "default"
2025-11-28 13:10:28,599 - services.scheduler - INFO - APScheduler запущен: напоминания и проверка неактивности активны
2025-11-28 13:10:28,933 - __main__ - INFO - Бот запущен и готов к работе
2025-11-28 13:10:28,934 - aiogram.dispatcher - INFO - Start polling
2025-11-28 13:10:29,020 - aiogram.dispatcher - INFO - Run polling for bot @PilatesReformerIzh_bot id=8213931908 - 'PilatesReformerIzh'
2025-11-28 13:10:33,315 - aiogram.dispatcher - WARNING - Received SIGTERM signal
2025-11-28 13:10:33,316 - aiogram.dispatcher - INFO - Polling stopped for bot @PilatesReformerIzh_bot id=8213931908 - 'PilatesReformerIzh'
2025-11-28 13:10:33,316 - aiogram.dispatcher - INFO - Polling stopped
2025-11-28 13:31:09,012 - __main__ - INFO - Запуск бота в режиме polling...
2025-11-28 13:31:09,017 - db.database - INFO - База данных инициализирована (SQLite)
2025-11-28 13:31:09,018 - apscheduler.scheduler - INFO - Scheduler started
2025-11-28 13:31:09,020 - apscheduler.scheduler - INFO - Added job "check_inactive_users" to job store "default"
2025-11-28 13:31:09,020 - services.scheduler - INFO - APScheduler запущен: напоминания и проверка неактивности активны
2025-11-28 13:31:09,332 - __main__ - INFO - Бот запущен и готов к работе
2025-11-28 13:31:09,333 - aiogram.dispatcher - INFO - Start polling
2025-11-28 13:31:09,421 - aiogram.dispatcher - INFO - Run polling for bot @PilatesReformerIzh_bot id=8213931908 - 'PilatesReformerIzh'
2025-11-28 13:31:27,462 - aiogram.event - INFO - Update id=23846942 is handled. Duration 301 ms by bot id=8213931908
2025-11-28 13:31:51,145 - aiogram.event - INFO - Update id=23846943 is handled. Duration 311 ms by bot id=8213931908
2025-11-28 13:31:56,089 - aiogram.event - INFO - Update id=23846944 is handled. Duration 133 ms by bot id=8213931908
2025-11-28 13:31:58,427 - services.google_sheets - ERROR - Ошибка чтения тренеров из Google Sheets: <Response [404]>
2025-11-28 13:31:58,560 - aiogram.event - INFO - Update id=23846945 is handled. Duration 371 ms by bot id=8213931908
2025-11-28 13:35:27,899 - aiogram.dispatcher - WARNING - Received SIGINT signal
2025-11-28 13:35:27,900 - aiogram.dispatcher - INFO - Polling stopped for bot @PilatesReformerIzh_bot id=8213931908 - 'PilatesReformerIzh'
2025-11-28 13:35:27,900 - aiogram.dispatcher - INFO - Polling stopped
